=-=-=-=-=-=-=-=-=-=-=-=-=-=-=-=-=-=-=-=-=-=-=-=-=-=-=-=-=-=-=-=-=-=-=-=-=-=-=-=-
[2024-02-12T16:15:51] src/log.c: Initialized logger.
[2024-02-12T16:15:51] src/main.c: Initializing ncurses
[2024-02-12T16:15:51] src/main.c: Create widget 0001h
[2024-02-12T16:15:51] src/ui.c: Widget 0001h recieved EVENT_CREATE
[2024-02-12T16:15:51] src/ui.c: Widget 0001h recieved event 3
[2024-02-12T16:15:51] src/main.c: Begin mainloop
[2024-02-12T16:15:51] src/ui.c: Widget 0001h recieved EVENT_DRAW
[2024-02-12T16:15:51] src/ui.c: Widget 0001h recieved EVENT_DRAW
[2024-02-12T16:15:51] src/ui.c: Widget 0001h recieved EVENT_DRAW
[2024-02-12T16:15:51] src/ui.c: Widget 0001h recieved EVENT_DRAW
[2024-02-12T16:15:51] src/ui.c: Widget 0001h recieved EVENT_DRAW
[2024-02-12T16:15:51] src/ui.c: Widget 0001h recieved EVENT_DRAW
[2024-02-12T16:15:51] src/ui.c: Widget 0001h recieved EVENT_DRAW
[2024-02-12T16:15:51] src/ui.c: Widget 0001h recieved EVENT_DRAW
[2024-02-12T16:15:51] src/ui.c: Widget 0001h recieved EVENT_DRAW
[2024-02-12T16:15:51] src/ui.c: Widget 0001h recieved EVENT_DRAW
[2024-02-12T16:15:51] src/ui.c: Widget 0001h recieved EVENT_DRAW
[2024-02-12T16:15:52] src/ui.c: Widget 0001h recieved EVENT_DRAW
[2024-02-12T16:15:52] src/ui.c: Widget 0001h recieved EVENT_DRAW
[2024-02-12T16:15:52] src/ui.c: Widget 0001h recieved EVENT_DRAW
[2024-02-12T16:15:52] src/ui.c: Widget 0001h recieved EVENT_DRAW
[2024-02-12T16:15:52] src/ui.c: Widget 0001h recieved EVENT_DRAW
[2024-02-12T16:15:52] src/ui.c: Widget 0001h recieved EVENT_DRAW
[2024-02-12T16:15:52] src/ui.c: Widget 0001h recieved EVENT_DRAW
[2024-02-12T16:15:52] src/ui.c: Widget 0001h recieved EVENT_DRAW
[2024-02-12T16:15:52] src/ui.c: Widget 0001h recieved EVENT_DRAW
[2024-02-12T16:15:52] src/ui.c: Widget 0001h recieved EVENT_DRAW
[2024-02-12T16:15:52] src/main.c: Recieved key 71 ('q')
[2024-02-12T16:15:52] src/main.c: Destroy widget 0001h
[2024-02-12T16:15:52] src/ui.c: Widget 0001h recieved EVENT_DESTROY
[2024-02-12T16:15:52] src/main.c: Exit curses mode
[2024-02-12T16:15:52] src/log.c: Closing log file
=-=-=-=-=-=-=-=-=-=-=-=-=-=-=-=-=-=-=-=-=-=-=-=-=-=-=-=-=-=-=-=-=-=-=-=-=-=-=-=-
[2024-02-12T17:14:37] src/log.c: Initialized logger.
[2024-02-12T17:14:37] src/main.c: Initializing ncurses
[2024-02-12T17:14:37] src/main.c: Create widget 0001h
[2024-02-12T17:14:37] src/main.c: Widget 0001h recieved EVENT_CREATE
[2024-02-12T17:14:37] src/main.c: Widget 0001h recieved event 3
[2024-02-12T17:14:37] src/main.c: Begin mainloop
[2024-02-12T17:14:37] src/main.c: Widget 0001h recieved EVENT_DRAW
[2024-02-12T17:14:37] src/main.c: Widget 0001h recieved EVENT_DRAW
[2024-02-12T17:14:37] src/main.c: Widget 0001h recieved EVENT_DRAW
[2024-02-12T17:14:37] src/main.c: Widget 0001h recieved EVENT_DRAW
[2024-02-12T17:14:38] src/main.c: Widget 0001h recieved EVENT_DRAW
[2024-02-12T17:14:38] src/main.c: Widget 0001h recieved EVENT_DRAW
[2024-02-12T17:14:38] src/main.c: Widget 0001h recieved EVENT_DRAW
[2024-02-12T17:14:38] src/main.c: Widget 0001h recieved EVENT_DRAW
[2024-02-12T17:14:38] src/main.c: Recieved key 71 ('q')
[2024-02-12T17:14:38] src/main.c: Destroy widget 0001h
[2024-02-12T17:14:38] src/main.c: Widget 0001h recieved EVENT_DESTROY
[2024-02-12T17:14:38] src/main.c: Exit curses mode
[2024-02-12T17:14:38] src/log.c: Closing log file
=-=-=-=-=-=-=-=-=-=-=-=-=-=-=-=-=-=-=-=-=-=-=-=-=-=-=-=-=-=-=-=-=-=-=-=-=-=-=-=-
[2024-02-12T17:14:38] src/log.c: Initialized logger.
[2024-02-12T17:14:38] src/main.c: Initializing ncurses
[2024-02-12T17:14:38] src/main.c: Create widget 0001h
[2024-02-12T17:14:38] src/main.c: Widget 0001h recieved EVENT_CREATE
[2024-02-12T17:14:38] src/main.c: Widget 0001h recieved event 3
[2024-02-12T17:14:38] src/main.c: Begin mainloop
[2024-02-12T17:14:38] src/main.c: Widget 0001h recieved EVENT_DRAW
[2024-02-12T17:14:38] src/main.c: Widget 0001h recieved EVENT_DRAW
[2024-02-12T17:14:39] src/main.c: Widget 0001h recieved EVENT_DRAW
[2024-02-12T17:14:39] src/main.c: Widget 0001h recieved EVENT_DRAW
[2024-02-12T17:14:39] src/main.c: Widget 0001h recieved EVENT_DRAW
[2024-02-12T17:14:39] src/main.c: Widget 0001h recieved EVENT_DRAW
[2024-02-12T17:14:39] src/main.c: Widget 0001h recieved EVENT_DRAW
[2024-02-12T17:14:39] src/main.c: Recieved key 71 ('q')
[2024-02-12T17:14:39] src/main.c: Destroy widget 0001h
[2024-02-12T17:14:39] src/main.c: Widget 0001h recieved EVENT_DESTROY
[2024-02-12T17:14:39] src/main.c: Exit curses mode
[2024-02-12T17:14:39] src/log.c: Closing log file
=-=-=-=-=-=-=-=-=-=-=-=-=-=-=-=-=-=-=-=-=-=-=-=-=-=-=-=-=-=-=-=-=-=-=-=-=-=-=-=-
[2024-02-12T17:14:39] src/log.c: Initialized logger.
[2024-02-12T17:14:39] src/main.c: Initializing ncurses
[2024-02-12T17:14:39] src/main.c: Create widget 0001h
[2024-02-12T17:14:39] src/main.c: Widget 0001h recieved EVENT_CREATE
[2024-02-12T17:14:39] src/main.c: Widget 0001h recieved event 3
[2024-02-12T17:14:39] src/main.c: Begin mainloop
[2024-02-12T17:14:39] src/main.c: Widget 0001h recieved EVENT_DRAW
[2024-02-12T17:14:39] src/main.c: Widget 0001h recieved EVENT_DRAW
[2024-02-12T17:14:39] src/main.c: Widget 0001h recieved EVENT_DRAW
[2024-02-12T17:14:40] src/main.c: Widget 0001h recieved EVENT_DRAW
[2024-02-12T17:14:40] src/main.c: Widget 0001h recieved EVENT_DRAW
[2024-02-12T17:14:40] src/main.c: Widget 0001h recieved EVENT_DRAW
[2024-02-12T17:14:40] src/main.c: Recieved key 71 ('q')
[2024-02-12T17:14:40] src/main.c: Destroy widget 0001h
[2024-02-12T17:14:40] src/main.c: Widget 0001h recieved EVENT_DESTROY
[2024-02-12T17:14:40] src/main.c: Exit curses mode
[2024-02-12T17:14:40] src/log.c: Closing log file
=-=-=-=-=-=-=-=-=-=-=-=-=-=-=-=-=-=-=-=-=-=-=-=-=-=-=-=-=-=-=-=-=-=-=-=-=-=-=-=-
[2024-02-12T17:14:40] src/log.c: Initialized logger.
[2024-02-12T17:14:40] src/main.c: Initializing ncurses
[2024-02-12T17:14:40] src/main.c: Create widget 0001h
[2024-02-12T17:14:40] src/main.c: Widget 0001h recieved EVENT_CREATE
[2024-02-12T17:14:40] src/main.c: Widget 0001h recieved event 3
[2024-02-12T17:14:40] src/main.c: Begin mainloop
[2024-02-12T17:14:40] src/main.c: Widget 0001h recieved EVENT_DRAW
[2024-02-12T17:14:40] src/main.c: Widget 0001h recieved EVENT_DRAW
[2024-02-12T17:14:40] src/main.c: Widget 0001h recieved EVENT_DRAW
[2024-02-12T17:14:40] src/main.c: Widget 0001h recieved EVENT_DRAW
[2024-02-12T17:14:41] src/main.c: Widget 0001h recieved EVENT_DRAW
[2024-02-12T17:14:41] src/main.c: Widget 0001h recieved EVENT_DRAW
[2024-02-12T17:14:41] src/main.c: Widget 0001h recieved EVENT_DRAW
[2024-02-12T17:14:41] src/main.c: Widget 0001h recieved EVENT_DRAW
[2024-02-12T17:14:41] src/main.c: Recieved key 71 ('q')
[2024-02-12T17:14:41] src/main.c: Destroy widget 0001h
[2024-02-12T17:14:41] src/main.c: Widget 0001h recieved EVENT_DESTROY
[2024-02-12T17:14:41] src/main.c: Exit curses mode
[2024-02-12T17:14:41] src/log.c: Closing log file
=-=-=-=-=-=-=-=-=-=-=-=-=-=-=-=-=-=-=-=-=-=-=-=-=-=-=-=-=-=-=-=-=-=-=-=-=-=-=-=-
[2024-02-12T17:14:59] src/log.c: Initialized logger.
[2024-02-12T17:14:59] src/main.c: Initializing ncurses
[2024-02-12T17:14:59] src/main.c: Create widget 0001h
[2024-02-12T17:14:59] src/main.c: Widget 0001h recieved EVENT_CREATE
[2024-02-12T17:14:59] src/main.c: Widget 0001h recieved event 3
[2024-02-12T17:14:59] src/main.c: Begin mainloop
[2024-02-12T17:14:59] src/main.c: Widget 0001h recieved EVENT_DRAW
[2024-02-12T17:14:59] src/main.c: Widget 0001h recieved EVENT_DRAW
[2024-02-12T17:14:59] src/main.c: Widget 0001h recieved EVENT_DRAW
[2024-02-12T17:14:59] src/main.c: Widget 0001h recieved EVENT_DRAW
[2024-02-12T17:15:00] src/main.c: Widget 0001h recieved EVENT_DRAW
[2024-02-12T17:15:00] src/main.c: Widget 0001h recieved EVENT_DRAW
[2024-02-12T17:15:00] src/main.c: Widget 0001h recieved EVENT_DRAW
[2024-02-12T17:15:00] src/main.c: Widget 0001h recieved EVENT_DRAW
[2024-02-12T17:15:00] src/main.c: Widget 0001h recieved EVENT_DRAW
[2024-02-12T17:15:00] src/main.c: Widget 0001h recieved EVENT_DRAW
[2024-02-12T17:15:00] src/main.c: Recieved key 71 ('q')
[2024-02-12T17:15:00] src/main.c: Destroy widget 0001h
[2024-02-12T17:15:00] src/main.c: Widget 0001h recieved EVENT_DESTROY
[2024-02-12T17:15:00] src/main.c: Exit curses mode
[2024-02-12T17:15:00] src/log.c: Closing log file
=-=-=-=-=-=-=-=-=-=-=-=-=-=-=-=-=-=-=-=-=-=-=-=-=-=-=-=-=-=-=-=-=-=-=-=-=-=-=-=-
[2024-02-12T17:30:32] src/log.c: Initialized logger.
[2024-02-12T17:30:32] src/main.c: Initializing ncurses
[2024-02-12T17:30:32] src/main.c: Create widget 0001h
[2024-02-12T17:30:32] src/main.c: Widget 0001h recieved EVENT_CREATE
[2024-02-12T17:30:32] src/main.c: Widget 0001h recieved event 3
[2024-02-12T17:30:32] src/main.c: Begin mainloop
[2024-02-12T17:30:32] src/main.c: Widget 0001h recieved EVENT_DRAW
[2024-02-12T17:30:32] src/main.c: Widget 0001h recieved EVENT_DRAW
[2024-02-12T17:30:32] src/main.c: Widget 0001h recieved EVENT_DRAW
[2024-02-12T17:30:32] src/main.c: Widget 0001h recieved EVENT_DRAW
[2024-02-12T17:30:32] src/main.c: Widget 0001h recieved EVENT_DRAW
[2024-02-12T17:30:32] src/main.c: Widget 0001h recieved EVENT_DRAW
[2024-02-12T17:30:32] src/main.c: Widget 0001h recieved EVENT_DRAW
[2024-02-12T17:30:33] src/main.c: Widget 0001h recieved EVENT_DRAW
[2024-02-12T17:30:33] src/main.c: Widget 0001h recieved EVENT_DRAW
[2024-02-12T17:30:33] src/main.c: Widget 0001h recieved EVENT_DRAW
[2024-02-12T17:30:33] src/main.c: Widget 0001h recieved EVENT_DRAW
[2024-02-12T17:30:33] src/main.c: Widget 0001h recieved EVENT_DRAW
[2024-02-12T17:30:33] src/main.c: Widget 0001h recieved EVENT_DRAW
[2024-02-12T17:30:33] src/main.c: Widget 0001h recieved EVENT_DRAW
[2024-02-12T17:30:33] src/main.c: Widget 0001h recieved EVENT_DRAW
[2024-02-12T17:30:33] src/main.c: Widget 0001h recieved EVENT_DRAW
[2024-02-12T17:30:33] src/main.c: Recieved key 09 ('	')
[2024-02-12T17:30:33] src/main.c: Widget 0001h recieved event 4
[2024-02-12T17:30:33] src/main.c: Widget 0001h recieved event 3
[2024-02-12T17:30:33] src/main.c: Widget 0001h recieved event 5
[2024-02-12T17:30:33] src/main.c: Widget 0001h recieved EVENT_DRAW
[2024-02-12T17:30:33] src/main.c: Widget 0001h recieved EVENT_DRAW
[2024-02-12T17:30:33] src/main.c: Widget 0001h recieved EVENT_DRAW
[2024-02-12T17:30:34] src/main.c: Widget 0001h recieved EVENT_DRAW
[2024-02-12T17:30:34] src/main.c: Widget 0001h recieved EVENT_DRAW
[2024-02-12T17:30:34] src/main.c: Widget 0001h recieved EVENT_DRAW
[2024-02-12T17:30:34] src/main.c: Widget 0001h recieved EVENT_DRAW
[2024-02-12T17:30:34] src/main.c: Widget 0001h recieved EVENT_DRAW
[2024-02-12T17:30:34] src/main.c: Widget 0001h recieved EVENT_DRAW
[2024-02-12T17:30:34] src/main.c: Widget 0001h recieved EVENT_DRAW
[2024-02-12T17:30:34] src/main.c: Widget 0001h recieved EVENT_DRAW
[2024-02-12T17:30:34] src/main.c: Recieved key 161 ('a')
[2024-02-12T17:30:34] src/main.c: Widget 0001h recieved event 4
[2024-02-12T17:30:34] src/main.c: Widget 0001h recieved event 3
[2024-02-12T17:30:34] src/main.c: Widget 0001h recieved event 5
[2024-02-12T17:30:34] src/main.c: Widget 0001h recieved EVENT_DRAW
[2024-02-12T17:30:34] src/main.c: Widget 0001h recieved EVENT_DRAW
[2024-02-12T17:30:34] src/main.c: Widget 0001h recieved EVENT_DRAW
[2024-02-12T17:30:34] src/main.c: Widget 0001h recieved EVENT_DRAW
[2024-02-12T17:30:34] src/main.c: Widget 0001h recieved EVENT_DRAW
[2024-02-12T17:30:35] src/main.c: Widget 0001h recieved EVENT_DRAW
[2024-02-12T17:30:35] src/main.c: Widget 0001h recieved EVENT_DRAW
[2024-02-12T17:30:35] src/main.c: Widget 0001h recieved EVENT_DRAW
[2024-02-12T17:30:35] src/main.c: Widget 0001h recieved EVENT_DRAW
[2024-02-12T17:30:35] src/main.c: Widget 0001h recieved EVENT_DRAW
[2024-02-12T17:30:35] src/main.c: Widget 0001h recieved EVENT_DRAW
[2024-02-12T17:30:35] src/main.c: Recieved key 161 ('a')
[2024-02-12T17:30:35] src/main.c: Widget 0001h recieved event 4
[2024-02-12T17:30:35] src/main.c: Widget 0001h recieved event 3
[2024-02-12T17:30:35] src/main.c: Widget 0001h recieved event 5
[2024-02-12T17:30:35] src/main.c: Widget 0001h recieved EVENT_DRAW
[2024-02-12T17:30:35] src/main.c: Widget 0001h recieved EVENT_DRAW
[2024-02-12T17:30:35] src/main.c: Widget 0001h recieved EVENT_DRAW
[2024-02-12T17:30:35] src/main.c: Widget 0001h recieved EVENT_DRAW
[2024-02-12T17:30:35] src/main.c: Widget 0001h recieved EVENT_DRAW
[2024-02-12T17:30:35] src/main.c: Widget 0001h recieved EVENT_DRAW
[2024-02-12T17:30:36] src/main.c: Widget 0001h recieved EVENT_DRAW
[2024-02-12T17:30:36] src/main.c: Widget 0001h recieved EVENT_DRAW
[2024-02-12T17:30:36] src/main.c: Widget 0001h recieved EVENT_DRAW
[2024-02-12T17:30:36] src/main.c: Widget 0001h recieved EVENT_DRAW
[2024-02-12T17:30:36] src/main.c: Widget 0001h recieved EVENT_DRAW
[2024-02-12T17:30:36] src/main.c: Recieved key 71 ('q')
[2024-02-12T17:30:36] src/main.c: Destroy widget 0001h
[2024-02-12T17:30:36] src/main.c: Widget 0001h recieved EVENT_DESTROY
[2024-02-12T17:30:36] src/main.c: Exit curses mode
[2024-02-12T17:30:36] src/log.c: Closing log file
=-=-=-=-=-=-=-=-=-=-=-=-=-=-=-=-=-=-=-=-=-=-=-=-=-=-=-=-=-=-=-=-=-=-=-=-=-=-=-=-
[2024-02-12T17:32:03] src/log.c: Initialized logger.
[2024-02-12T17:32:03] src/main.c: Initializing ncurses
[2024-02-12T17:32:03] src/main.c: Create widget 0001h
[2024-02-12T17:32:03] src/main.c: Widget 0001h recieved EVENT_CREATE
[2024-02-12T17:32:03] src/main.c: Widget 0001h recieved event 3
[2024-02-12T17:32:03] src/main.c: Begin mainloop
[2024-02-12T17:32:03] src/main.c: Widget 0001h recieved EVENT_DRAW
[2024-02-12T17:32:03] src/main.c: Widget 0001h recieved EVENT_DRAW
[2024-02-12T17:32:03] src/main.c: Widget 0001h recieved EVENT_DRAW
[2024-02-12T17:32:03] src/main.c: Widget 0001h recieved EVENT_DRAW
[2024-02-12T17:32:03] src/main.c: Widget 0001h recieved EVENT_DRAW
[2024-02-12T17:32:03] src/main.c: Widget 0001h recieved EVENT_DRAW
[2024-02-12T17:32:03] src/main.c: Widget 0001h recieved EVENT_DRAW
[2024-02-12T17:32:03] src/main.c: Widget 0001h recieved EVENT_DRAW
[2024-02-12T17:32:03] src/main.c: Widget 0001h recieved EVENT_DRAW
[2024-02-12T17:32:03] src/main.c: Widget 0001h recieved EVENT_DRAW
[2024-02-12T17:32:04] src/main.c: Widget 0001h recieved EVENT_DRAW
[2024-02-12T17:32:04] src/main.c: Widget 0001h recieved EVENT_DRAW
[2024-02-12T17:32:04] src/main.c: Widget 0001h recieved EVENT_DRAW
[2024-02-12T17:32:04] src/main.c: Widget 0001h recieved EVENT_DRAW
[2024-02-12T17:32:04] src/main.c: Widget 0001h recieved EVENT_DRAW
[2024-02-12T17:32:04] src/main.c: Widget 0001h recieved EVENT_DRAW
[2024-02-12T17:32:04] src/main.c: Widget 0001h recieved EVENT_DRAW
[2024-02-12T17:32:04] src/main.c: Recieved key 113 ('q')
[2024-02-12T17:32:04] src/main.c: Destroy widget 0001h
[2024-02-12T17:32:04] src/main.c: Widget 0001h recieved EVENT_DESTROY
[2024-02-12T17:32:04] src/main.c: Exit curses mode
[2024-02-12T17:32:04] src/log.c: Closing log file
